Flow report for FFD
Wed Oct 12 20:51:23 2022
Quartus Prime Version 18.0.0 Build 614 04/24/2018 SJ Lite Edition


---------------------
; Table of Contents ;
---------------------
  1. Legal Notice
  2. Flow Summary
  3. Flow Settings
  4. Flow Non-Default Global Settings
  5. Flow Elapsed Time
  6. Flow OS Summary
  7. Flow Log
  8. Flow Messages
  9. Flow Suppressed Messages



----------------
; Legal Notice ;
----------------
Copyright (C) 2018  Intel Corporation. All rights reserved.
Your use of Intel Corporation's design tools, logic functions 
and other software and tools, and its AMPP partner logic 
functions, and any output files from any of the foregoing 
(including device programming or simulation files), and any 
associated documentation or information are expressly subject 
to the terms and conditions of the Intel Program License 
Subscription Agreement, the Intel Quartus Prime License Agreement,
the Intel FPGA IP License Agreement, or other applicable license
agreement, including, without limitation, that your use is for
the sole purpose of programming logic devices manufactured by
Intel and sold by Intel or its authorized distributors.  Please
refer to the applicable agreement for further details.



+----------------------------------------------------------------------------------+
; Flow Summary                                                                     ;
+------------------------------------+---------------------------------------------+
; Flow Status                        ; Successful - Wed Oct 12 20:51:23 2022       ;
; Quartus Prime Version              ; 18.0.0 Build 614 04/24/2018 SJ Lite Edition ;
; Revision Name                      ; FFD                                         ;
; Top-level Entity Name              ; ejer63                                      ;
; Family                             ; MAX 10                                      ;
; Device                             ; 10M50DAF484C7G                              ;
; Timing Models                      ; Final                                       ;
; Total logic elements               ; 3 / 49,760 ( < 1 % )                        ;
;     Total combinational functions  ; 3 / 49,760 ( < 1 % )                        ;
;     Dedicated logic registers      ; 2 / 49,760 ( < 1 % )                        ;
; Total registers                    ; 2                                           ;
; Total pins                         ; 3 / 360 ( < 1 % )                           ;
; Total virtual pins                 ; 0                                           ;
; Total memory bits                  ; 0 / 1,677,312 ( 0 % )                       ;
; Embedded Multiplier 9-bit elements ; 0 / 288 ( 0 % )                             ;
; Total PLLs                         ; 0 / 4 ( 0 % )                               ;
; UFM blocks                         ; 0 / 1 ( 0 % )                               ;
; ADC blocks                         ; 0 / 2 ( 0 % )                               ;
+------------------------------------+---------------------------------------------+


+-----------------------------------------+
; Flow Settings                           ;
+-------------------+---------------------+
; Option            ; Setting             ;
+-------------------+---------------------+
; Start date & time ; 10/12/2022 20:49:05 ;
; Main task         ; Compilation         ;
; Revision Name     ; FFD                 ;
+-------------------+---------------------+


+-------------------------------------------------------------------------------------------------------------------------+
; Flow Non-Default Global Settings                                                                                        ;
+-------------------------------------+----------------------------------------+---------------+-------------+------------+
; Assignment Name                     ; Value                                  ; Default Value ; Entity Name ; Section Id ;
+-------------------------------------+----------------------------------------+---------------+-------------+------------+
; COMPILER_SIGNATURE_ID               ; 241955389823591.166562574411960        ; --            ; --          ; --         ;
; MAX_CORE_JUNCTION_TEMP              ; 85                                     ; --            ; --          ; --         ;
; MIN_CORE_JUNCTION_TEMP              ; 0                                      ; --            ; --          ; --         ;
; PARTITION_COLOR                     ; -- (Not supported for targeted family) ; --            ; ejer63      ; Top        ;
; PARTITION_FITTER_PRESERVATION_LEVEL ; -- (Not supported for targeted family) ; --            ; ejer63      ; Top        ;
; PARTITION_NETLIST_TYPE              ; -- (Not supported for targeted family) ; --            ; ejer63      ; Top        ;
; PROJECT_OUTPUT_DIRECTORY            ; output_files                           ; --            ; --          ; --         ;
; TOP_LEVEL_ENTITY                    ; ejer63                                 ; FFD           ; --          ; --         ;
+-------------------------------------+----------------------------------------+---------------+-------------+------------+


+--------------------------------------------------------------------------------------------------------------------------+
; Flow Elapsed Time                                                                                                        ;
+----------------------+--------------+-------------------------+---------------------+------------------------------------+
; Module Name          ; Elapsed Time ; Average Processors Used ; Peak Virtual Memory ; Total CPU Time (on all processors) ;
+----------------------+--------------+-------------------------+---------------------+------------------------------------+
; Analysis & Synthesis ; 00:00:27     ; 1.0                     ; 4784 MB             ; 00:00:51                           ;
; Fitter               ; 00:00:15     ; 1.0                     ; 5365 MB             ; 00:00:19                           ;
; Assembler            ; 00:00:05     ; 1.0                     ; 4677 MB             ; 00:00:05                           ;
; Timing Analyzer      ; 00:00:05     ; 1.0                     ; 4786 MB             ; 00:00:05                           ;
; EDA Netlist Writer   ; 00:00:02     ; 1.0                     ; 4623 MB             ; 00:00:02                           ;
; EDA Netlist Writer   ; 00:00:02     ; 1.0                     ; 4623 MB             ; 00:00:02                           ;
; EDA Netlist Writer   ; 00:00:02     ; 1.0                     ; 4623 MB             ; 00:00:02                           ;
; EDA Netlist Writer   ; 00:00:02     ; 1.0                     ; 4623 MB             ; 00:00:02                           ;
; EDA Netlist Writer   ; 00:00:02     ; 1.0                     ; 4631 MB             ; 00:00:02                           ;
; Total                ; 00:01:02     ; --                      ; --                  ; 00:01:30                           ;
+----------------------+--------------+-------------------------+---------------------+------------------------------------+


+------------------------------------------------------------------------------------+
; Flow OS Summary                                                                    ;
+----------------------+------------------+------------+------------+----------------+
; Module Name          ; Machine Hostname ; OS Name    ; OS Version ; Processor type ;
+----------------------+------------------+------------+------------+----------------+
; Analysis & Synthesis ; DESKTOP-48IHK6E  ; Windows 10 ; 10.0       ; x86_64         ;
; Fitter               ; DESKTOP-48IHK6E  ; Windows 10 ; 10.0       ; x86_64         ;
; Assembler            ; DESKTOP-48IHK6E  ; Windows 10 ; 10.0       ; x86_64         ;
; Timing Analyzer      ; DESKTOP-48IHK6E  ; Windows 10 ; 10.0       ; x86_64         ;
; EDA Netlist Writer   ; DESKTOP-48IHK6E  ; Windows 10 ; 10.0       ; x86_64         ;
; EDA Netlist Writer   ; DESKTOP-48IHK6E  ; Windows 10 ; 10.0       ; x86_64         ;
; EDA Netlist Writer   ; DESKTOP-48IHK6E  ; Windows 10 ; 10.0       ; x86_64         ;
; EDA Netlist Writer   ; DESKTOP-48IHK6E  ; Windows 10 ; 10.0       ; x86_64         ;
; EDA Netlist Writer   ; DESKTOP-48IHK6E  ; Windows 10 ; 10.0       ; x86_64         ;
+----------------------+------------------+------------+------------+----------------+


------------
; Flow Log ;
------------
quartus_map --read_settings_files=on --write_settings_files=off FFD -c FFD
quartus_fit --read_settings_files=off --write_settings_files=off FFD -c FFD
quartus_asm --read_settings_files=off --write_settings_files=off FFD -c FFD
quartus_sta FFD -c FFD
quartus_eda --gen_testbench --tool=modelsim_oem --format=vhdl --write_settings_files=off FFD -c FFD --vector_source=C:/Users/MiPC/Desktop/VLSI/Tarea12/FFD/Waveform1.vwf --testbench_file=C:/Users/MiPC/Desktop/VLSI/Tarea12/FFD/simulation/qsim/Waveform1.vwf.vht
quartus_eda --gen_testbench --tool=modelsim_oem --format=vhdl --write_settings_files=off FFD -c FFD --vector_source=C:/Users/MiPC/Desktop/VLSI/Tarea12/FFD/Waveform1.vwf --testbench_file=C:/Users/MiPC/Desktop/VLSI/Tarea12/FFD/simulation/qsim/Waveform1.vwf.vht
quartus_eda --gen_testbench --tool=modelsim_oem --format=vhdl --write_settings_files=off FFD -c FFD --vector_source=C:/Users/MiPC/Desktop/VLSI/Tarea12/FFD/Waveform1.vwf --testbench_file=C:/Users/MiPC/Desktop/VLSI/Tarea12/FFD/simulation/qsim/Waveform1.vwf.vht
quartus_eda --gen_testbench --tool=modelsim_oem --format=vhdl --write_settings_files=off FFD -c FFD --vector_source=C:/Users/MiPC/Desktop/VLSI/Tarea12/FFD/Waveform.vwf --testbench_file=C:/Users/MiPC/Desktop/VLSI/Tarea12/FFD/simulation/qsim/Waveform.vwf.vht
quartus_eda --write_settings_files=off --simulation=on --functional=on --flatten_buses=off --tool=modelsim_oem --format=vhdl --output_directory=C:/Users/MiPC/Desktop/VLSI/Tarea12/FFD/simulation/qsim/ FFD -c FFD



